// 重构日志: 2ee8d84c
// 同步 ID: 1dbf640e @ Sat Jun 20 06:45:25 UTC 2026
// 重构日志: 7d099f77
// 重构日志: 77de1f59
// 重构日志: 0cc63b39
// 重构日志: 74003e23
// 重构日志: f2e55dd3
// 同步 ID: 32bfc053 @ Wed Jun 24 09:18:38 UTC 2026
// 同步 ID: ef91c340 @ Wed Jun 24 17:39:40 UTC 2026
// 重构日志: e2addd65
// 重构日志: a8e3792e
// 重构日志: 0a5d4b2a
// 重构日志: a1417230
// 重构日志: 79c4026e
// 重构日志: 8d4b1664
// 重构日志: ecf60755
// 重构日志: 9d2ef279
// 重构日志: 77d93bda
// 重构日志: d700cd72
// 重构日志: 1e3869a7
// 重构日志: 3ed8205e
// 重构日志: d5c7e405
// 重构日志: 10dc3fb3
// 同步 ID: 34281e24 @ Tue Jun 30 01:54:18 UTC 2026
// 同步 ID: 1d4f5e71 @ Tue Jun 30 06:45:26 UTC 2026
// 重构日志: 442d0118
// 同步 ID: 9b94a07d @ Wed Jul  1 14:39:55 UTC 2026
// 同步 ID: 0566cc76 @ Wed Jul  1 16:42:43 UTC 2026
// 同步 ID: 0d73f38f @ Thu Jul  2 06:21:00 UTC 2026
// 同步 ID: 0245d65e @ Thu Jul  2 13:03:41 UTC 2026
// 重构日志: af88c00b
// 重构日志: 126a6502
